[2019-02-18 12:19:13,012] DEBUG preRegister called. Server=com.sun.jmx.mbeanserver.JmxMBeanServer@66d3c617, name=log4j:logger=kafka.controller (kafka.controller)
[2019-02-18 12:19:58,445] INFO [ControllerEventThread controllerId=0] Starting (kafka.controller.ControllerEventManager$ControllerEventThread)
[2019-02-18 12:19:58,595] INFO [Controller id=0] 0 successfully elected as the controller. Epoch incremented to 1 and epoch zk version is now 1 (kafka.controller.KafkaController)
[2019-02-18 12:19:58,596] INFO [Controller id=0] Registering handlers (kafka.controller.KafkaController)
[2019-02-18 12:19:58,609] INFO [Controller id=0] Deleting log dir event notifications (kafka.controller.KafkaController)
[2019-02-18 12:19:58,617] INFO [Controller id=0] Deleting isr change notifications (kafka.controller.KafkaController)
[2019-02-18 12:19:58,627] INFO [Controller id=0] Initializing controller context (kafka.controller.KafkaController)
[2019-02-18 12:19:58,806] DEBUG [Controller id=0] Register BrokerModifications handler for Set(0) (kafka.controller.KafkaController)
[2019-02-18 12:19:58,854] DEBUG [Channel manager on controller 0]: Controller 0 trying to connect to broker 0 (kafka.controller.ControllerChannelManager)
[2019-02-18 12:19:58,967] INFO [Controller id=0] Partitions being reassigned: Map() (kafka.controller.KafkaController)
[2019-02-18 12:19:58,969] INFO [Controller id=0] Currently active brokers in the cluster: Set(0) (kafka.controller.KafkaController)
[2019-02-18 12:19:58,971] INFO [Controller id=0] Currently shutting brokers in the cluster: Set() (kafka.controller.KafkaController)
[2019-02-18 12:19:58,974] INFO [RequestSendThread controllerId=0] Starting (kafka.controller.RequestSendThread)
[2019-02-18 12:19:58,975] INFO [Controller id=0] Current list of topics in the cluster: Set() (kafka.controller.KafkaController)
[2019-02-18 12:19:58,976] INFO [Controller id=0] Fetching topic deletions in progress (kafka.controller.KafkaController)
[2019-02-18 12:19:58,990] INFO [Controller id=0] List of topics to be deleted:  (kafka.controller.KafkaController)
[2019-02-18 12:19:58,991] INFO [Controller id=0] List of topics ineligible for deletion:  (kafka.controller.KafkaController)
[2019-02-18 12:19:58,992] INFO [Controller id=0] Initializing topic deletion manager (kafka.controller.KafkaController)
[2019-02-18 12:19:58,993] INFO [Controller id=0] Sending update metadata request (kafka.controller.KafkaController)
[2019-02-18 12:19:59,023] INFO [ReplicaStateMachine controllerId=0] Initializing replica state (kafka.controller.ReplicaStateMachine)
[2019-02-18 12:19:59,024] INFO [ReplicaStateMachine controllerId=0] Triggering online replica state changes (kafka.controller.ReplicaStateMachine)
[2019-02-18 12:19:59,077] INFO [ReplicaStateMachine controllerId=0] Started replica state machine with initial state -> Map() (kafka.controller.ReplicaStateMachine)
[2019-02-18 12:19:59,078] INFO [PartitionStateMachine controllerId=0] Initializing partition state (kafka.controller.PartitionStateMachine)
[2019-02-18 12:19:59,117] INFO [PartitionStateMachine controllerId=0] Triggering online partition state changes (kafka.controller.PartitionStateMachine)
[2019-02-18 12:19:59,133] INFO [RequestSendThread controllerId=0] Controller 0 connected to paritosh:9092 (id: 0 rack: null) for sending state change requests (kafka.controller.RequestSendThread)
[2019-02-18 12:19:59,138] INFO [PartitionStateMachine controllerId=0] Started partition state machine with initial state -> Map() (kafka.controller.PartitionStateMachine)
[2019-02-18 12:19:59,139] INFO [Controller id=0] Ready to serve as the new controller with epoch 1 (kafka.controller.KafkaController)
[2019-02-18 12:19:59,145] INFO [Controller id=0] Removing partitions Set() from the list of reassigned partitions in zookeeper (kafka.controller.KafkaController)
[2019-02-18 12:19:59,145] INFO [Controller id=0] No more partitions need to be reassigned. Deleting zk path /admin/reassign_partitions (kafka.controller.KafkaController)
[2019-02-18 12:19:59,204] INFO [Controller id=0] Partitions undergoing preferred replica election:  (kafka.controller.KafkaController)
[2019-02-18 12:19:59,205] INFO [Controller id=0] Partitions that completed preferred replica election:  (kafka.controller.KafkaController)
[2019-02-18 12:19:59,205] INFO [Controller id=0] Skipping preferred replica election for partitions due to topic deletion:  (kafka.controller.KafkaController)
[2019-02-18 12:19:59,205] INFO [Controller id=0] Resuming preferred replica election for partitions:  (kafka.controller.KafkaController)
[2019-02-18 12:19:59,206] INFO [Controller id=0] Starting preferred replica leader election for partitions  (kafka.controller.KafkaController)
[2019-02-18 12:19:59,240] INFO [Controller id=0] Starting the controller scheduler (kafka.controller.KafkaController)
[2019-02-18 12:19:59,432] INFO [Controller id=0] Shutting down broker 0 (kafka.controller.KafkaController)
[2019-02-18 12:19:59,432] DEBUG [Controller id=0] All shutting down brokers: 0 (kafka.controller.KafkaController)
[2019-02-18 12:19:59,433] DEBUG [Controller id=0] Live brokers:  (kafka.controller.KafkaController)
[2019-02-18 12:19:59,440] TRACE [Controller id=0] All leaders =  (kafka.controller.KafkaController)
[2019-02-18 12:20:00,172] INFO [ControllerEventThread controllerId=0] Shutting down (kafka.controller.ControllerEventManager$ControllerEventThread)
[2019-02-18 12:20:00,172] INFO [ControllerEventThread controllerId=0] Stopped (kafka.controller.ControllerEventManager$ControllerEventThread)
[2019-02-18 12:20:00,174] INFO [ControllerEventThread controllerId=0] Shutdown completed (kafka.controller.ControllerEventManager$ControllerEventThread)
[2019-02-18 12:20:00,174] DEBUG [Controller id=0] Resigning (kafka.controller.KafkaController)
[2019-02-18 12:20:00,175] DEBUG [Controller id=0] Unregister BrokerModifications handler for Set(0) (kafka.controller.KafkaController)
[2019-02-18 12:20:00,179] INFO [PartitionStateMachine controllerId=0] Stopped partition state machine (kafka.controller.PartitionStateMachine)
[2019-02-18 12:20:00,180] INFO [ReplicaStateMachine controllerId=0] Stopped replica state machine (kafka.controller.ReplicaStateMachine)
[2019-02-18 12:20:00,180] INFO [RequestSendThread controllerId=0] Shutting down (kafka.controller.RequestSendThread)
[2019-02-18 12:20:00,182] INFO [RequestSendThread controllerId=0] Stopped (kafka.controller.RequestSendThread)
[2019-02-18 12:20:00,182] INFO [RequestSendThread controllerId=0] Shutdown completed (kafka.controller.RequestSendThread)
[2019-02-18 12:20:00,184] INFO [Controller id=0] Resigned (kafka.controller.KafkaController)
[2019-02-18 12:20:17,281] INFO [ControllerEventThread controllerId=0] Starting (kafka.controller.ControllerEventManager$ControllerEventThread)
[2019-02-18 12:20:17,341] INFO [Controller id=0] 0 successfully elected as the controller. Epoch incremented to 2 and epoch zk version is now 2 (kafka.controller.KafkaController)
[2019-02-18 12:20:17,341] INFO [Controller id=0] Registering handlers (kafka.controller.KafkaController)
[2019-02-18 12:20:17,356] INFO [Controller id=0] Deleting log dir event notifications (kafka.controller.KafkaController)
[2019-02-18 12:20:17,360] INFO [Controller id=0] Deleting isr change notifications (kafka.controller.KafkaController)
[2019-02-18 12:20:17,367] INFO [Controller id=0] Initializing controller context (kafka.controller.KafkaController)
[2019-02-18 12:20:17,420] DEBUG [Controller id=0] Register BrokerModifications handler for Set(0) (kafka.controller.KafkaController)
[2019-02-18 12:20:17,438] DEBUG [Channel manager on controller 0]: Controller 0 trying to connect to broker 0 (kafka.controller.ControllerChannelManager)
[2019-02-18 12:20:17,514] INFO [Controller id=0] Partitions being reassigned: Map() (kafka.controller.KafkaController)
[2019-02-18 12:20:17,515] INFO [Controller id=0] Currently active brokers in the cluster: Set(0) (kafka.controller.KafkaController)
[2019-02-18 12:20:17,515] INFO [Controller id=0] Currently shutting brokers in the cluster: Set() (kafka.controller.KafkaController)
[2019-02-18 12:20:17,516] INFO [RequestSendThread controllerId=0] Starting (kafka.controller.RequestSendThread)
[2019-02-18 12:20:17,517] INFO [Controller id=0] Current list of topics in the cluster: Set() (kafka.controller.KafkaController)
[2019-02-18 12:20:17,518] INFO [Controller id=0] Fetching topic deletions in progress (kafka.controller.KafkaController)
[2019-02-18 12:20:17,528] INFO [Controller id=0] List of topics to be deleted:  (kafka.controller.KafkaController)
[2019-02-18 12:20:17,531] INFO [Controller id=0] List of topics ineligible for deletion:  (kafka.controller.KafkaController)
[2019-02-18 12:20:17,532] INFO [Controller id=0] Initializing topic deletion manager (kafka.controller.KafkaController)
[2019-02-18 12:20:17,542] INFO [Controller id=0] Sending update metadata request (kafka.controller.KafkaController)
[2019-02-18 12:20:17,584] INFO [ReplicaStateMachine controllerId=0] Initializing replica state (kafka.controller.ReplicaStateMachine)
[2019-02-18 12:20:17,585] INFO [ReplicaStateMachine controllerId=0] Triggering online replica state changes (kafka.controller.ReplicaStateMachine)
[2019-02-18 12:20:17,633] INFO [RequestSendThread controllerId=0] Controller 0 connected to paritosh:9092 (id: 0 rack: null) for sending state change requests (kafka.controller.RequestSendThread)
[2019-02-18 12:20:17,637] INFO [ReplicaStateMachine controllerId=0] Started replica state machine with initial state -> Map() (kafka.controller.ReplicaStateMachine)
[2019-02-18 12:20:17,639] INFO [PartitionStateMachine controllerId=0] Initializing partition state (kafka.controller.PartitionStateMachine)
[2019-02-18 12:20:17,640] INFO [PartitionStateMachine controllerId=0] Triggering online partition state changes (kafka.controller.PartitionStateMachine)
[2019-02-18 12:20:17,655] INFO [PartitionStateMachine controllerId=0] Started partition state machine with initial state -> Map() (kafka.controller.PartitionStateMachine)
[2019-02-18 12:20:17,655] INFO [Controller id=0] Ready to serve as the new controller with epoch 2 (kafka.controller.KafkaController)
[2019-02-18 12:20:17,663] INFO [Controller id=0] Removing partitions Set() from the list of reassigned partitions in zookeeper (kafka.controller.KafkaController)
[2019-02-18 12:20:17,663] INFO [Controller id=0] No more partitions need to be reassigned. Deleting zk path /admin/reassign_partitions (kafka.controller.KafkaController)
[2019-02-18 12:20:17,698] INFO [Controller id=0] Partitions undergoing preferred replica election:  (kafka.controller.KafkaController)
[2019-02-18 12:20:17,698] INFO [Controller id=0] Partitions that completed preferred replica election:  (kafka.controller.KafkaController)
[2019-02-18 12:20:17,699] INFO [Controller id=0] Skipping preferred replica election for partitions due to topic deletion:  (kafka.controller.KafkaController)
[2019-02-18 12:20:17,699] INFO [Controller id=0] Resuming preferred replica election for partitions:  (kafka.controller.KafkaController)
[2019-02-18 12:20:17,709] INFO [Controller id=0] Starting preferred replica leader election for partitions  (kafka.controller.KafkaController)
[2019-02-18 12:20:17,720] INFO [Controller id=0] Starting the controller scheduler (kafka.controller.KafkaController)
[2019-02-18 12:20:22,722] TRACE [Controller id=0] Checking need to trigger auto leader balancing (kafka.controller.KafkaController)
[2019-02-18 12:20:22,727] DEBUG [Controller id=0] Preferred replicas by broker Map() (kafka.controller.KafkaController)
[2019-02-18 12:21:25,434] INFO [Controller id=0] Newly added brokers: 1, deleted brokers: , all live brokers: 0,1 (kafka.controller.KafkaController)
[2019-02-18 12:21:25,435] DEBUG [Channel manager on controller 0]: Controller 0 trying to connect to broker 1 (kafka.controller.ControllerChannelManager)
[2019-02-18 12:21:25,479] INFO [Controller id=0] New broker startup callback for 1 (kafka.controller.KafkaController)
[2019-02-18 12:21:25,503] INFO [RequestSendThread controllerId=0] Starting (kafka.controller.RequestSendThread)
[2019-02-18 12:21:25,509] INFO [RequestSendThread controllerId=0] Controller 0 connected to paritosh:9093 (id: 1 rack: null) for sending state change requests (kafka.controller.RequestSendThread)
[2019-02-18 12:21:25,523] DEBUG [Controller id=0] Register BrokerModifications handler for ArrayBuffer(1) (kafka.controller.KafkaController)
[2019-02-18 12:21:25,729] INFO [ControllerEventThread controllerId=1] Starting (kafka.controller.ControllerEventManager$ControllerEventThread)
[2019-02-18 12:21:25,743] DEBUG [Controller id=1] Broker 0 has been elected as the controller, so stopping the election process. (kafka.controller.KafkaController)
[2019-02-18 12:22:01,042] INFO [Controller id=0] New topics: [Set(SimpleProducerTopic)], deleted topics: [Set()], new partition replica assignment [Map(SimpleProducerTopic-0 -> Vector(1))] (kafka.controller.KafkaController)
[2019-02-18 12:22:01,108] INFO [Controller id=0] New partition creation callback for SimpleProducerTopic-0 (kafka.controller.KafkaController)
[2019-02-18 12:25:03,279] INFO [Controller id=0] New topics: [Set(__consumer_offsets)], deleted topics: [Set()], new partition replica assignment [Map(__consumer_offsets-22 -> Vector(1), __consumer_offsets-30 -> Vector(1), __consumer_offsets-8 -> Vector(1), __consumer_offsets-21 -> Vector(0), __consumer_offsets-4 -> Vector(1), __consumer_offsets-27 -> Vector(0), __consumer_offsets-7 -> Vector(0), __consumer_offsets-9 -> Vector(0), __consumer_offsets-46 -> Vector(1), __consumer_offsets-25 -> Vector(0), __consumer_offsets-35 -> Vector(0), __consumer_offsets-41 -> Vector(0), __consumer_offsets-33 -> Vector(0), __consumer_offsets-23 -> Vector(0), __consumer_offsets-49 -> Vector(0), __consumer_offsets-47 -> Vector(0), __consumer_offsets-16 -> Vector(1), __consumer_offsets-28 -> Vector(1), __consumer_offsets-31 -> Vector(0), __consumer_offsets-36 -> Vector(1), __consumer_offsets-42 -> Vector(1), __consumer_offsets-3 -> Vector(0), __consumer_offsets-18 -> Vector(1), __consumer_offsets-37 -> Vector(0), __consumer_offsets-15 -> Vector(0), __consumer_offsets-24 -> Vector(1), __consumer_offsets-38 -> Vector(1), __consumer_offsets-17 -> Vector(0), __consumer_offsets-48 -> Vector(1), __consumer_offsets-19 -> Vector(0), __consumer_offsets-11 -> Vector(0), __consumer_offsets-13 -> Vector(0), __consumer_offsets-2 -> Vector(1), __consumer_offsets-43 -> Vector(0), __consumer_offsets-6 -> Vector(1), __consumer_offsets-14 -> Vector(1), __consumer_offsets-20 -> Vector(1), __consumer_offsets-0 -> Vector(1), __consumer_offsets-44 -> Vector(1), __consumer_offsets-39 -> Vector(0), __consumer_offsets-12 -> Vector(1), __consumer_offsets-45 -> Vector(0), __consumer_offsets-1 -> Vector(0), __consumer_offsets-5 -> Vector(0), __consumer_offsets-26 -> Vector(1), __consumer_offsets-29 -> Vector(0), __consumer_offsets-34 -> Vector(1), __consumer_offsets-10 -> Vector(1), __consumer_offsets-32 -> Vector(1), __consumer_offsets-40 -> Vector(1))] (kafka.controller.KafkaController)
[2019-02-18 12:25:03,286] INFO [Controller id=0] New partition creation callback for __consumer_offsets-22,__consumer_offsets-30,__consumer_offsets-8,__consumer_offsets-21,__consumer_offsets-4,__consumer_offsets-27,__consumer_offsets-7,__consumer_offsets-9,__consumer_offsets-46,__consumer_offsets-25,__consumer_offsets-35,__consumer_offsets-41,__consumer_offsets-33,__consumer_offsets-23,__consumer_offsets-49,__consumer_offsets-47,__consumer_offsets-16,__consumer_offsets-28,__consumer_offsets-31,__consumer_offsets-36,__consumer_offsets-42,__consumer_offsets-3,__consumer_offsets-18,__consumer_offsets-37,__consumer_offsets-15,__consumer_offsets-24,__consumer_offsets-38,__consumer_offsets-17,__consumer_offsets-48,__consumer_offsets-19,__consumer_offsets-11,__consumer_offsets-13,__consumer_offsets-2,__consumer_offsets-43,__consumer_offsets-6,__consumer_offsets-14,__consumer_offsets-20,__consumer_offsets-0,__consumer_offsets-44,__consumer_offsets-39,__consumer_offsets-12,__consumer_offsets-45,__consumer_offsets-1,__consumer_offsets-5,__consumer_offsets-26,__consumer_offsets-29,__consumer_offsets-34,__consumer_offsets-10,__consumer_offsets-32,__consumer_offsets-40 (kafka.controller.KafkaController)
[2019-02-18 12:25:22,728] TRACE [Controller id=0] Checking need to trigger auto leader balancing (kafka.controller.KafkaController)
[2019-02-18 12:25:22,736] DEBUG [Controller id=0] Preferred replicas by broker Map(1 -> Map(__consumer_offsets-22 -> Vector(1), __consumer_offsets-30 -> Vector(1), __consumer_offsets-8 -> Vector(1), __consumer_offsets-4 -> Vector(1), __consumer_offsets-46 -> Vector(1), __consumer_offsets-16 -> Vector(1), __consumer_offsets-28 -> Vector(1), __consumer_offsets-36 -> Vector(1), __consumer_offsets-42 -> Vector(1), __consumer_offsets-18 -> Vector(1), __consumer_offsets-24 -> Vector(1), __consumer_offsets-38 -> Vector(1), __consumer_offsets-48 -> Vector(1), SimpleProducerTopic-0 -> Vector(1), __consumer_offsets-2 -> Vector(1), __consumer_offsets-6 -> Vector(1), __consumer_offsets-14 -> Vector(1), __consumer_offsets-20 -> Vector(1), __consumer_offsets-0 -> Vector(1), __consumer_offsets-44 -> Vector(1), __consumer_offsets-12 -> Vector(1), __consumer_offsets-26 -> Vector(1), __consumer_offsets-34 -> Vector(1), __consumer_offsets-10 -> Vector(1), __consumer_offsets-32 -> Vector(1), __consumer_offsets-40 -> Vector(1)), 0 -> Map(__consumer_offsets-21 -> Vector(0), __consumer_offsets-27 -> Vector(0), __consumer_offsets-7 -> Vector(0), __consumer_offsets-9 -> Vector(0), __consumer_offsets-25 -> Vector(0), __consumer_offsets-35 -> Vector(0), __consumer_offsets-41 -> Vector(0), __consumer_offsets-33 -> Vector(0), __consumer_offsets-23 -> Vector(0), __consumer_offsets-49 -> Vector(0), __consumer_offsets-47 -> Vector(0), __consumer_offsets-31 -> Vector(0), __consumer_offsets-3 -> Vector(0), __consumer_offsets-37 -> Vector(0), __consumer_offsets-15 -> Vector(0), __consumer_offsets-17 -> Vector(0), __consumer_offsets-19 -> Vector(0), __consumer_offsets-11 -> Vector(0), __consumer_offsets-13 -> Vector(0), __consumer_offsets-43 -> Vector(0), __consumer_offsets-39 -> Vector(0), __consumer_offsets-45 -> Vector(0), __consumer_offsets-1 -> Vector(0), __consumer_offsets-5 -> Vector(0), __consumer_offsets-29 -> Vector(0))) (kafka.controller.KafkaController)
[2019-02-18 12:25:22,737] DEBUG [Controller id=0] Topics not in preferred replica for broker 1 Map() (kafka.controller.KafkaController)
[2019-02-18 12:25:22,738] TRACE [Controller id=0] Leader imbalance ratio for broker 1 is 0.0 (kafka.controller.KafkaController)
[2019-02-18 12:25:22,740] DEBUG [Controller id=0] Topics not in preferred replica for broker 0 Map() (kafka.controller.KafkaController)
[2019-02-18 12:25:22,740] TRACE [Controller id=0] Leader imbalance ratio for broker 0 is 0.0 (kafka.controller.KafkaController)
[2019-02-18 12:27:21,927] INFO [Controller id=0] Shutting down broker 1 (kafka.controller.KafkaController)
[2019-02-18 12:27:21,956] DEBUG [Controller id=0] All shutting down brokers: 1 (kafka.controller.KafkaController)
[2019-02-18 12:27:21,960] DEBUG [Controller id=0] Live brokers: 0 (kafka.controller.KafkaController)
[2019-02-18 12:27:21,991] TRACE [Controller id=0] All leaders = __consumer_offsets-49 -> (Leader:0,ISR:0,LeaderEpoch:0,ControllerEpoch:2),__consumer_offsets-38 -> (Leader:1,ISR:1,LeaderEpoch:0,ControllerEpoch:2),__consumer_offsets-16 -> (Leader:1,ISR:1,LeaderEpoch:0,ControllerEpoch:2),__consumer_offsets-27 -> (Leader:0,ISR:0,LeaderEpoch:0,ControllerEpoch:2),__consumer_offsets-8 -> (Leader:1,ISR:1,LeaderEpoch:0,ControllerEpoch:2),__consumer_offsets-19 -> (Leader:0,ISR:0,LeaderEpoch:0,ControllerEpoch:2),__consumer_offsets-13 -> (Leader:0,ISR:0,LeaderEpoch:0,ControllerEpoch:2),__consumer_offsets-2 -> (Leader:1,ISR:1,LeaderEpoch:0,ControllerEpoch:2),__consumer_offsets-46 -> (Leader:1,ISR:1,LeaderEpoch:0,ControllerEpoch:2),__consumer_offsets-35 -> (Leader:0,ISR:0,LeaderEpoch:0,ControllerEpoch:2),__consumer_offsets-24 -> (Leader:1,ISR:1,LeaderEpoch:0,ControllerEpoch:2),__consumer_offsets-5 -> (Leader:0,ISR:0,LeaderEpoch:0,ControllerEpoch:2),__consumer_offsets-43 -> (Leader:0,ISR:0,LeaderEpoch:0,ControllerEpoch:2),__consumer_offsets-32 -> (Leader:1,ISR:1,LeaderEpoch:0,ControllerEpoch:2),__consumer_offsets-21 -> (Leader:0,ISR:0,LeaderEpoch:0,ControllerEpoch:2),__consumer_offsets-10 -> (Leader:1,ISR:1,LeaderEpoch:0,ControllerEpoch:2),__consumer_offsets-37 -> (Leader:0,ISR:0,LeaderEpoch:0,ControllerEpoch:2),__consumer_offsets-48 -> (Leader:1,ISR:1,LeaderEpoch:0,ControllerEpoch:2),__consumer_offsets-40 -> (Leader:1,ISR:1,LeaderEpoch:0,ControllerEpoch:2),__consumer_offsets-18 -> (Leader:1,ISR:1,LeaderEpoch:0,ControllerEpoch:2),__consumer_offsets-29 -> (Leader:0,ISR:0,LeaderEpoch:0,ControllerEpoch:2),__consumer_offsets-7 -> (Leader:0,ISR:0,LeaderEpoch:0,ControllerEpoch:2),__consumer_offsets-23 -> (Leader:0,ISR:0,LeaderEpoch:0,ControllerEpoch:2),__consumer_offsets-45 -> (Leader:0,ISR:0,LeaderEpoch:0,ControllerEpoch:2),__consumer_offsets-34 -> (Leader:1,ISR:1,LeaderEpoch:0,ControllerEpoch:2),__consumer_offsets-26 -> (Leader:1,ISR:1,LeaderEpoch:0,ControllerEpoch:2),__consumer_offsets-4 -> (Leader:1,ISR:1,LeaderEpoch:0,ControllerEpoch:2),__consumer_offsets-15 -> (Leader:0,ISR:0,LeaderEpoch:0,ControllerEpoch:2),__consumer_offsets-42 -> (Leader:1,ISR:1,LeaderEpoch:0,ControllerEpoch:2),__consumer_offsets-31 -> (Leader:0,ISR:0,LeaderEpoch:0,ControllerEpoch:2),__consumer_offsets-9 -> (Leader:0,ISR:0,LeaderEpoch:0,ControllerEpoch:2),__consumer_offsets-20 -> (Leader:1,ISR:1,LeaderEpoch:0,ControllerEpoch:2),__consumer_offsets-12 -> (Leader:1,ISR:1,LeaderEpoch:0,ControllerEpoch:2),__consumer_offsets-1 -> (Leader:0,ISR:0,LeaderEpoch:0,ControllerEpoch:2),__consumer_offsets-28 -> (Leader:1,ISR:1,LeaderEpoch:0,ControllerEpoch:2),__consumer_offsets-17 -> (Leader:0,ISR:0,LeaderEpoch:0,ControllerEpoch:2),__consumer_offsets-6 -> (Leader:1,ISR:1,LeaderEpoch:0,ControllerEpoch:2),__consumer_offsets-39 -> (Leader:0,ISR:0,LeaderEpoch:0,ControllerEpoch:2),__consumer_offsets-44 -> (Leader:1,ISR:1,LeaderEpoch:0,ControllerEpoch:2),SimpleProducerTopic-0 -> (Leader:1,ISR:1,LeaderEpoch:0,ControllerEpoch:2),__consumer_offsets-36 -> (Leader:1,ISR:1,LeaderEpoch:0,ControllerEpoch:2),__consumer_offsets-47 -> (Leader:0,ISR:0,LeaderEpoch:0,ControllerEpoch:2),__consumer_offsets-3 -> (Leader:0,ISR:0,LeaderEpoch:0,ControllerEpoch:2),__consumer_offsets-25 -> (Leader:0,ISR:0,LeaderEpoch:0,ControllerEpoch:2),__consumer_offsets-14 -> (Leader:1,ISR:1,LeaderEpoch:0,ControllerEpoch:2),__consumer_offsets-30 -> (Leader:1,ISR:1,LeaderEpoch:0,ControllerEpoch:2),__consumer_offsets-41 -> (Leader:0,ISR:0,LeaderEpoch:0,ControllerEpoch:2),__consumer_offsets-33 -> (Leader:0,ISR:0,LeaderEpoch:0,ControllerEpoch:2),__consumer_offsets-22 -> (Leader:1,ISR:1,LeaderEpoch:0,ControllerEpoch:2),__consumer_offsets-11 -> (Leader:0,ISR:0,LeaderEpoch:0,ControllerEpoch:2),__consumer_offsets-0 -> (Leader:1,ISR:1,LeaderEpoch:0,ControllerEpoch:2) (kafka.controller.KafkaController)
[2019-02-18 12:27:23,538] INFO [ControllerEventThread controllerId=1] Shutting down (kafka.controller.ControllerEventManager$ControllerEventThread)
[2019-02-18 12:27:23,538] INFO [ControllerEventThread controllerId=1] Stopped (kafka.controller.ControllerEventManager$ControllerEventThread)
[2019-02-18 12:27:23,539] INFO [ControllerEventThread controllerId=1] Shutdown completed (kafka.controller.ControllerEventManager$ControllerEventThread)
[2019-02-18 12:27:23,540] DEBUG [Controller id=1] Resigning (kafka.controller.KafkaController)
[2019-02-18 12:27:23,548] DEBUG [Controller id=1] Unregister BrokerModifications handler for Set() (kafka.controller.KafkaController)
[2019-02-18 12:27:23,552] INFO [PartitionStateMachine controllerId=1] Stopped partition state machine (kafka.controller.PartitionStateMachine)
[2019-02-18 12:27:23,554] INFO [ReplicaStateMachine controllerId=1] Stopped replica state machine (kafka.controller.ReplicaStateMachine)
[2019-02-18 12:27:23,555] INFO [Controller id=1] Resigned (kafka.controller.KafkaController)
[2019-02-18 12:27:23,601] INFO [Controller id=0] Newly added brokers: , deleted brokers: 1, all live brokers: 0 (kafka.controller.KafkaController)
[2019-02-18 12:27:23,602] INFO [RequestSendThread controllerId=0] Shutting down (kafka.controller.RequestSendThread)
[2019-02-18 12:27:23,602] INFO [RequestSendThread controllerId=0] Stopped (kafka.controller.RequestSendThread)
[2019-02-18 12:27:23,603] INFO [RequestSendThread controllerId=0] Shutdown completed (kafka.controller.RequestSendThread)
[2019-02-18 12:27:23,609] INFO [Controller id=0] Broker failure callback for 1 (kafka.controller.KafkaController)
[2019-02-18 12:27:23,611] INFO [Controller id=0] Removed 1 from list of shutting down brokers. (kafka.controller.KafkaController)
[2019-02-18 12:27:24,105] DEBUG The stop replica request (delete = true) sent to broker 1 is  (kafka.controller.ControllerBrokerRequestBatch)
[2019-02-18 12:27:24,106] DEBUG The stop replica request (delete = false) sent to broker 1 is [Topic=__consumer_offsets,Partition=42,Replica=1],[Topic=__consumer_offsets,Partition=40,Replica=1],[Topic=__consumer_offsets,Partition=20,Replica=1],[Topic=__consumer_offsets,Partition=14,Replica=1],[Topic=__consumer_offsets,Partition=8,Replica=1],[Topic=__consumer_offsets,Partition=22,Replica=1],[Topic=__consumer_offsets,Partition=30,Replica=1],[Topic=__consumer_offsets,Partition=10,Replica=1],[Topic=__consumer_offsets,Partition=26,Replica=1],[Topic=__consumer_offsets,Partition=44,Replica=1],[Topic=__consumer_offsets,Partition=18,Replica=1],[Topic=__consumer_offsets,Partition=46,Replica=1],[Topic=SimpleProducerTopic,Partition=0,Replica=1],[Topic=__consumer_offsets,Partition=4,Replica=1],[Topic=__consumer_offsets,Partition=38,Replica=1],[Topic=__consumer_offsets,Partition=2,Replica=1],[Topic=__consumer_offsets,Partition=34,Replica=1],[Topic=__consumer_offsets,Partition=48,Replica=1],[Topic=__consumer_offsets,Partition=12,Replica=1],[Topic=__consumer_offsets,Partition=28,Replica=1],[Topic=__consumer_offsets,Partition=6,Replica=1],[Topic=__consumer_offsets,Partition=0,Replica=1],[Topic=__consumer_offsets,Partition=24,Replica=1],[Topic=__consumer_offsets,Partition=16,Replica=1],[Topic=__consumer_offsets,Partition=32,Replica=1],[Topic=__consumer_offsets,Partition=36,Replica=1] (kafka.controller.ControllerBrokerRequestBatch)
[2019-02-18 12:27:24,108] WARN [Channel manager on controller 0]: Not sending request (type=StopReplicaRequest, controllerId=0, controllerEpoch=2, deletePartitions=false, partitions=) to broker 1, since it is offline. (kafka.controller.ControllerChannelManager)
[2019-02-18 12:27:24,109] WARN [Channel manager on controller 0]: Not sending request (type=StopReplicaRequest, controllerId=0, controllerEpoch=2, deletePartitions=false, partitions=__consumer_offsets-42) to broker 1, since it is offline. (kafka.controller.ControllerChannelManager)
[2019-02-18 12:27:24,109] WARN [Channel manager on controller 0]: Not sending request (type=StopReplicaRequest, controllerId=0, controllerEpoch=2, deletePartitions=false, partitions=__consumer_offsets-40) to broker 1, since it is offline. (kafka.controller.ControllerChannelManager)
[2019-02-18 12:27:24,109] WARN [Channel manager on controller 0]: Not sending request (type=StopReplicaRequest, controllerId=0, controllerEpoch=2, deletePartitions=false, partitions=__consumer_offsets-20) to broker 1, since it is offline. (kafka.controller.ControllerChannelManager)
[2019-02-18 12:27:24,109] WARN [Channel manager on controller 0]: Not sending request (type=StopReplicaRequest, controllerId=0, controllerEpoch=2, deletePartitions=false, partitions=__consumer_offsets-14) to broker 1, since it is offline. (kafka.controller.ControllerChannelManager)
[2019-02-18 12:27:24,109] WARN [Channel manager on controller 0]: Not sending request (type=StopReplicaRequest, controllerId=0, controllerEpoch=2, deletePartitions=false, partitions=__consumer_offsets-8) to broker 1, since it is offline. (kafka.controller.ControllerChannelManager)
[2019-02-18 12:27:24,109] WARN [Channel manager on controller 0]: Not sending request (type=StopReplicaRequest, controllerId=0, controllerEpoch=2, deletePartitions=false, partitions=__consumer_offsets-22) to broker 1, since it is offline. (kafka.controller.ControllerChannelManager)
[2019-02-18 12:27:24,109] WARN [Channel manager on controller 0]: Not sending request (type=StopReplicaRequest, controllerId=0, controllerEpoch=2, deletePartitions=false, partitions=__consumer_offsets-30) to broker 1, since it is offline. (kafka.controller.ControllerChannelManager)
[2019-02-18 12:27:24,109] WARN [Channel manager on controller 0]: Not sending request (type=StopReplicaRequest, controllerId=0, controllerEpoch=2, deletePartitions=false, partitions=__consumer_offsets-10) to broker 1, since it is offline. (kafka.controller.ControllerChannelManager)
[2019-02-18 12:27:24,110] WARN [Channel manager on controller 0]: Not sending request (type=StopReplicaRequest, controllerId=0, controllerEpoch=2, deletePartitions=false, partitions=__consumer_offsets-26) to broker 1, since it is offline. (kafka.controller.ControllerChannelManager)
[2019-02-18 12:27:24,110] WARN [Channel manager on controller 0]: Not sending request (type=StopReplicaRequest, controllerId=0, controllerEpoch=2, deletePartitions=false, partitions=__consumer_offsets-44) to broker 1, since it is offline. (kafka.controller.ControllerChannelManager)
[2019-02-18 12:27:24,110] WARN [Channel manager on controller 0]: Not sending request (type=StopReplicaRequest, controllerId=0, controllerEpoch=2, deletePartitions=false, partitions=__consumer_offsets-18) to broker 1, since it is offline. (kafka.controller.ControllerChannelManager)
[2019-02-18 12:27:24,110] WARN [Channel manager on controller 0]: Not sending request (type=StopReplicaRequest, controllerId=0, controllerEpoch=2, deletePartitions=false, partitions=__consumer_offsets-46) to broker 1, since it is offline. (kafka.controller.ControllerChannelManager)
[2019-02-18 12:27:24,110] WARN [Channel manager on controller 0]: Not sending request (type=StopReplicaRequest, controllerId=0, controllerEpoch=2, deletePartitions=false, partitions=SimpleProducerTopic-0) to broker 1, since it is offline. (kafka.controller.ControllerChannelManager)
[2019-02-18 12:27:24,110] WARN [Channel manager on controller 0]: Not sending request (type=StopReplicaRequest, controllerId=0, controllerEpoch=2, deletePartitions=false, partitions=__consumer_offsets-4) to broker 1, since it is offline. (kafka.controller.ControllerChannelManager)
[2019-02-18 12:27:24,110] WARN [Channel manager on controller 0]: Not sending request (type=StopReplicaRequest, controllerId=0, controllerEpoch=2, deletePartitions=false, partitions=__consumer_offsets-38) to broker 1, since it is offline. (kafka.controller.ControllerChannelManager)
[2019-02-18 12:27:24,110] WARN [Channel manager on controller 0]: Not sending request (type=StopReplicaRequest, controllerId=0, controllerEpoch=2, deletePartitions=false, partitions=__consumer_offsets-2) to broker 1, since it is offline. (kafka.controller.ControllerChannelManager)
[2019-02-18 12:27:24,110] WARN [Channel manager on controller 0]: Not sending request (type=StopReplicaRequest, controllerId=0, controllerEpoch=2, deletePartitions=false, partitions=__consumer_offsets-34) to broker 1, since it is offline. (kafka.controller.ControllerChannelManager)
[2019-02-18 12:27:24,110] WARN [Channel manager on controller 0]: Not sending request (type=StopReplicaRequest, controllerId=0, controllerEpoch=2, deletePartitions=false, partitions=__consumer_offsets-48) to broker 1, since it is offline. (kafka.controller.ControllerChannelManager)
[2019-02-18 12:27:24,110] WARN [Channel manager on controller 0]: Not sending request (type=StopReplicaRequest, controllerId=0, controllerEpoch=2, deletePartitions=false, partitions=__consumer_offsets-12) to broker 1, since it is offline. (kafka.controller.ControllerChannelManager)
[2019-02-18 12:27:24,110] WARN [Channel manager on controller 0]: Not sending request (type=StopReplicaRequest, controllerId=0, controllerEpoch=2, deletePartitions=false, partitions=__consumer_offsets-28) to broker 1, since it is offline. (kafka.controller.ControllerChannelManager)
[2019-02-18 12:27:24,110] WARN [Channel manager on controller 0]: Not sending request (type=StopReplicaRequest, controllerId=0, controllerEpoch=2, deletePartitions=false, partitions=__consumer_offsets-6) to broker 1, since it is offline. (kafka.controller.ControllerChannelManager)
[2019-02-18 12:27:24,110] WARN [Channel manager on controller 0]: Not sending request (type=StopReplicaRequest, controllerId=0, controllerEpoch=2, deletePartitions=false, partitions=__consumer_offsets-0) to broker 1, since it is offline. (kafka.controller.ControllerChannelManager)
[2019-02-18 12:27:24,110] WARN [Channel manager on controller 0]: Not sending request (type=StopReplicaRequest, controllerId=0, controllerEpoch=2, deletePartitions=false, partitions=__consumer_offsets-24) to broker 1, since it is offline. (kafka.controller.ControllerChannelManager)
[2019-02-18 12:27:24,110] WARN [Channel manager on controller 0]: Not sending request (type=StopReplicaRequest, controllerId=0, controllerEpoch=2, deletePartitions=false, partitions=__consumer_offsets-16) to broker 1, since it is offline. (kafka.controller.ControllerChannelManager)
[2019-02-18 12:27:24,110] WARN [Channel manager on controller 0]: Not sending request (type=StopReplicaRequest, controllerId=0, controllerEpoch=2, deletePartitions=false, partitions=__consumer_offsets-32) to broker 1, since it is offline. (kafka.controller.ControllerChannelManager)
[2019-02-18 12:27:24,110] WARN [Channel manager on controller 0]: Not sending request (type=StopReplicaRequest, controllerId=0, controllerEpoch=2, deletePartitions=false, partitions=__consumer_offsets-36) to broker 1, since it is offline. (kafka.controller.ControllerChannelManager)
[2019-02-18 12:27:24,111] DEBUG [Controller id=0] Unregister BrokerModifications handler for ArrayBuffer(1) (kafka.controller.KafkaController)
[2019-02-18 12:27:31,768] INFO [Controller id=0] Shutting down broker 0 (kafka.controller.KafkaController)
[2019-02-18 12:27:31,768] DEBUG [Controller id=0] All shutting down brokers: 0 (kafka.controller.KafkaController)
[2019-02-18 12:27:31,768] DEBUG [Controller id=0] Live brokers:  (kafka.controller.KafkaController)
[2019-02-18 12:27:31,769] TRACE [Controller id=0] All leaders = __consumer_offsets-49 -> (Leader:0,ISR:0,LeaderEpoch:0,ControllerEpoch:2),__consumer_offsets-38 -> (Leader:-1,ISR:1,LeaderEpoch:1,ControllerEpoch:2),__consumer_offsets-16 -> (Leader:-1,ISR:1,LeaderEpoch:1,ControllerEpoch:2),__consumer_offsets-27 -> (Leader:0,ISR:0,LeaderEpoch:0,ControllerEpoch:2),__consumer_offsets-8 -> (Leader:-1,ISR:1,LeaderEpoch:1,ControllerEpoch:2),__consumer_offsets-19 -> (Leader:0,ISR:0,LeaderEpoch:0,ControllerEpoch:2),__consumer_offsets-13 -> (Leader:0,ISR:0,LeaderEpoch:0,ControllerEpoch:2),__consumer_offsets-2 -> (Leader:-1,ISR:1,LeaderEpoch:1,ControllerEpoch:2),__consumer_offsets-46 -> (Leader:-1,ISR:1,LeaderEpoch:1,ControllerEpoch:2),__consumer_offsets-35 -> (Leader:0,ISR:0,LeaderEpoch:0,ControllerEpoch:2),__consumer_offsets-24 -> (Leader:-1,ISR:1,LeaderEpoch:1,ControllerEpoch:2),__consumer_offsets-5 -> (Leader:0,ISR:0,LeaderEpoch:0,ControllerEpoch:2),__consumer_offsets-43 -> (Leader:0,ISR:0,LeaderEpoch:0,ControllerEpoch:2),__consumer_offsets-32 -> (Leader:-1,ISR:1,LeaderEpoch:1,ControllerEpoch:2),__consumer_offsets-21 -> (Leader:0,ISR:0,LeaderEpoch:0,ControllerEpoch:2),__consumer_offsets-10 -> (Leader:-1,ISR:1,LeaderEpoch:1,ControllerEpoch:2),__consumer_offsets-37 -> (Leader:0,ISR:0,LeaderEpoch:0,ControllerEpoch:2),__consumer_offsets-48 -> (Leader:-1,ISR:1,LeaderEpoch:1,ControllerEpoch:2),__consumer_offsets-40 -> (Leader:-1,ISR:1,LeaderEpoch:1,ControllerEpoch:2),__consumer_offsets-18 -> (Leader:-1,ISR:1,LeaderEpoch:1,ControllerEpoch:2),__consumer_offsets-29 -> (Leader:0,ISR:0,LeaderEpoch:0,ControllerEpoch:2),__consumer_offsets-7 -> (Leader:0,ISR:0,LeaderEpoch:0,ControllerEpoch:2),__consumer_offsets-23 -> (Leader:0,ISR:0,LeaderEpoch:0,ControllerEpoch:2),__consumer_offsets-45 -> (Leader:0,ISR:0,LeaderEpoch:0,ControllerEpoch:2),__consumer_offsets-34 -> (Leader:-1,ISR:1,LeaderEpoch:1,ControllerEpoch:2),__consumer_offsets-26 -> (Leader:-1,ISR:1,LeaderEpoch:1,ControllerEpoch:2),__consumer_offsets-4 -> (Leader:-1,ISR:1,LeaderEpoch:1,ControllerEpoch:2),__consumer_offsets-15 -> (Leader:0,ISR:0,LeaderEpoch:0,ControllerEpoch:2),__consumer_offsets-42 -> (Leader:-1,ISR:1,LeaderEpoch:1,ControllerEpoch:2),__consumer_offsets-31 -> (Leader:0,ISR:0,LeaderEpoch:0,ControllerEpoch:2),__consumer_offsets-9 -> (Leader:0,ISR:0,LeaderEpoch:0,ControllerEpoch:2),__consumer_offsets-20 -> (Leader:-1,ISR:1,LeaderEpoch:1,ControllerEpoch:2),__consumer_offsets-12 -> (Leader:-1,ISR:1,LeaderEpoch:1,ControllerEpoch:2),__consumer_offsets-1 -> (Leader:0,ISR:0,LeaderEpoch:0,ControllerEpoch:2),__consumer_offsets-28 -> (Leader:-1,ISR:1,LeaderEpoch:1,ControllerEpoch:2),__consumer_offsets-17 -> (Leader:0,ISR:0,LeaderEpoch:0,ControllerEpoch:2),__consumer_offsets-6 -> (Leader:-1,ISR:1,LeaderEpoch:1,ControllerEpoch:2),__consumer_offsets-39 -> (Leader:0,ISR:0,LeaderEpoch:0,ControllerEpoch:2),__consumer_offsets-44 -> (Leader:-1,ISR:1,LeaderEpoch:1,ControllerEpoch:2),SimpleProducerTopic-0 -> (Leader:-1,ISR:1,LeaderEpoch:1,ControllerEpoch:2),__consumer_offsets-36 -> (Leader:-1,ISR:1,LeaderEpoch:1,ControllerEpoch:2),__consumer_offsets-47 -> (Leader:0,ISR:0,LeaderEpoch:0,ControllerEpoch:2),__consumer_offsets-3 -> (Leader:0,ISR:0,LeaderEpoch:0,ControllerEpoch:2),__consumer_offsets-25 -> (Leader:0,ISR:0,LeaderEpoch:0,ControllerEpoch:2),__consumer_offsets-14 -> (Leader:-1,ISR:1,LeaderEpoch:1,ControllerEpoch:2),__consumer_offsets-30 -> (Leader:-1,ISR:1,LeaderEpoch:1,ControllerEpoch:2),__consumer_offsets-41 -> (Leader:0,ISR:0,LeaderEpoch:0,ControllerEpoch:2),__consumer_offsets-33 -> (Leader:0,ISR:0,LeaderEpoch:0,ControllerEpoch:2),__consumer_offsets-22 -> (Leader:-1,ISR:1,LeaderEpoch:1,ControllerEpoch:2),__consumer_offsets-11 -> (Leader:0,ISR:0,LeaderEpoch:0,ControllerEpoch:2),__consumer_offsets-0 -> (Leader:-1,ISR:1,LeaderEpoch:1,ControllerEpoch:2) (kafka.controller.KafkaController)
[2019-02-18 12:27:33,350] INFO [ControllerEventThread controllerId=0] Shutting down (kafka.controller.ControllerEventManager$ControllerEventThread)
[2019-02-18 12:27:33,350] INFO [ControllerEventThread controllerId=0] Stopped (kafka.controller.ControllerEventManager$ControllerEventThread)
[2019-02-18 12:27:33,351] INFO [ControllerEventThread controllerId=0] Shutdown completed (kafka.controller.ControllerEventManager$ControllerEventThread)
[2019-02-18 12:27:33,352] DEBUG [Controller id=0] Resigning (kafka.controller.KafkaController)
[2019-02-18 12:27:33,370] DEBUG [Controller id=0] Unregister BrokerModifications handler for Set(0) (kafka.controller.KafkaController)
[2019-02-18 12:27:33,377] INFO [PartitionStateMachine controllerId=0] Stopped partition state machine (kafka.controller.PartitionStateMachine)
[2019-02-18 12:27:33,400] INFO [ReplicaStateMachine controllerId=0] Stopped replica state machine (kafka.controller.ReplicaStateMachine)
[2019-02-18 12:27:33,406] INFO [RequestSendThread controllerId=0] Shutting down (kafka.controller.RequestSendThread)
[2019-02-18 12:27:33,408] INFO [RequestSendThread controllerId=0] Stopped (kafka.controller.RequestSendThread)
[2019-02-18 12:27:33,408] INFO [RequestSendThread controllerId=0] Shutdown completed (kafka.controller.RequestSendThread)
[2019-02-18 12:27:33,420] INFO [Controller id=0] Resigned (kafka.controller.KafkaController)
